Using pre-set license
Built from '2020.2/release' branch; Version is '2020.2.2f1 (068178b99f32) revision 426360'; Using compiler version '192528614'; Build Type 'Release'
OS: 'Windows 10 Pro; OS build 19042.746; Version 2009; 64bit' Language: 'de' Physical Memory: 32620 MB
BatchMode: 1, IsHumanControllingUs: 0, StartBugReporterOnCrash: 0, Is64bit: 1, IsPro: 0

 COMMAND LINE ARGUMENTS:
D:\Programme\Unity Versions\2020.2.2f1\Editor\Unity.exe
-adb2
-batchMode
-noUpm
-name
AssetImportWorker0
-projectPath
D:/Dev/Repositories/ggj21-fundbuero
-logFile
Logs/AssetImportWorker0.log
-srvPort
56177
Successfully changed project path to: D:/Dev/Repositories/ggj21-fundbuero
D:/Dev/Repositories/ggj21-fundbuero
Using Asset Import Pipeline V2.
Refreshing native plugins compatible for Editor in 21.59 ms, found 0 plugins.
Preloading 0 native plugins for Editor in 0.00 ms.
Initialize engine version: 2020.2.2f1 (068178b99f32)
[Subsystems] Discovering subsystems at path D:/Programme/Unity Versions/2020.2.2f1/Editor/Data/Resources/UnitySubsystems
[Subsystems] Discovering subsystems at path D:/Dev/Repositories/ggj21-fundbuero/Assets
GfxDevice: creating device client; threaded=0
Direct3D:
    Version:  Direct3D 11.0 [level 11.1]
    Renderer: NVIDIA GeForce GTX 1080 Ti (ID=0x1b06)
    Vendor:   
    VRAM:     11128 MB
    Driver:   27.21.14.6109
Initialize mono
Mono path[0] = 'D:/Programme/Unity Versions/2020.2.2f1/Editor/Data/Managed'
Mono path[1] = 'D:/Programme/Unity Versions/2020.2.2f1/Editor/Data/MonoBleedingEdge/lib/mono/unityjit'
Mono config path = 'D:/Programme/Unity Versions/2020.2.2f1/Editor/Data/MonoBleedingEdge/etc'
Using monoOptions --debugger-agent=transport=dt_socket,embedding=1,server=y,suspend=n,address=127.0.0.1:56596
Begin MonoManager ReloadAssembly
Registering precompiled unity dll's ...
Register platform support module: D:/Programme/Unity Versions/2020.2.2f1/Editor/Data/PlaybackEngines/WebGLSupport/UnityEditor.WebGL.Extensions.dll
Register platform support module: D:/Programme/Unity Versions/2020.2.2f1/Editor/Data/PlaybackEngines/WindowsStandaloneSupport/UnityEditor.WindowsStandalone.Extensions.dll
Registered in 0.004636 seconds.
Native extension for WindowsStandalone target not found
Native extension for WebGL target not found
Refreshing native plugins compatible for Editor in 21.66 ms, found 0 plugins.
Preloading 0 native plugins for Editor in 0.00 ms.
Invoked RoslynAnalysisRunner static constructor.
RoslynAnalysisRunner will not be running.
RoslynAnalysisRunner has terminated.
Mono: successfully reloaded assembly
- Completed reload, in  1.235 seconds
Platform modules already initialized, skipping
Registering precompiled user dll's ...
Registered in 0.000940 seconds.
Begin MonoManager ReloadAssembly
Native extension for WindowsStandalone target not found
Native extension for WebGL target not found
Refreshing native plugins compatible for Editor in 0.19 ms, found 0 plugins.
Preloading 0 native plugins for Editor in 0.00 ms.
Invoked RoslynAnalysisRunner static constructor.
RoslynAnalysisRunner will not be running.
RoslynAnalysisRunner has terminated.
Mono: successfully reloaded assembly
- Completed reload, in  0.750 seconds
Platform modules already initialized, skipping
========================================================================
Worker process is ready to serve import requests
Launched and connected shader compiler UnityShaderCompiler.exe after 0.04 seconds
Refreshing native plugins compatible for Editor in 0.18 ms, found 0 plugins.
Preloading 0 native plugins for Editor in 0.00 ms.
Unloading 1099 Unused Serialized files (Serialized files now loaded: 0)
System memory in use before: 56.4 MB.
System memory in use after: 56.5 MB.

Unloading 9 unused Assets to reduce memory usage. Loaded Objects now: 1541.
Total: 1.673600 ms (FindLiveObjects: 0.109600 ms CreateObjectMapping: 0.029900 ms MarkObjects: 1.486100 ms  DeleteObjects: 0.047200 ms)

========================================================================
Received Import Request.
  path: Assets
  artifactKey: Guid(00000000000000001000000000000000) Importer(815301076,1909f56bfc062723c751e8b465ee728b)
Start importing Assets using Guid(00000000000000001000000000000000) Importer(815301076,1909f56bfc062723c751e8b465ee728b)  -> (artifact id: '4a6e520b92ccfc61bcfa21a7bcab8468') in 0.007626 seconds
  Import took 0.009234 seconds .

========================================================================
Received Import Request.
  Time since last request: 0.658464 seconds.
  path: Assets/Scripts
  artifactKey: Guid(7de94a10bdfebd44b844e5ae5dddd05f) Importer(815301076,1909f56bfc062723c751e8b465ee728b)
Start importing Assets/Scripts using Guid(7de94a10bdfebd44b844e5ae5dddd05f) Importer(815301076,1909f56bfc062723c751e8b465ee728b)  -> (artifact id: 'abfabfc98c055bee8ac8b0e706a2f2b4') in 0.007245 seconds
  Import took 0.009244 seconds .

========================================================================
Received Prepare
Registering precompiled user dll's ...
Registered in 0.000875 seconds.
Begin MonoManager ReloadAssembly
Native extension for WindowsStandalone target not found
Native extension for WebGL target not found
Refreshing native plugins compatible for Editor in 0.18 ms, found 0 plugins.
Preloading 0 native plugins for Editor in 0.00 ms.
Invoked RoslynAnalysisRunner static constructor.
RoslynAnalysisRunner will not be running.
RoslynAnalysisRunner has terminated.
Mono: successfully reloaded assembly
- Completed reload, in  0.716 seconds
Platform modules already initialized, skipping
Refreshing native plugins compatible for Editor in 0.20 ms, found 0 plugins.
Preloading 0 native plugins for Editor in 0.00 ms.
Unloading 1094 Unused Serialized files (Serialized files now loaded: 0)
System memory in use before: 56.4 MB.
System memory in use after: 56.5 MB.

Unloading 4 unused Assets to reduce memory usage. Loaded Objects now: 1544.
Total: 1.366900 ms (FindLiveObjects: 0.175200 ms CreateObjectMapping: 0.032300 ms MarkObjects: 1.145400 ms  DeleteObjects: 0.013200 ms)

========================================================================
Received Prepare
Registering precompiled user dll's ...
Registered in 0.000898 seconds.
Begin MonoManager ReloadAssembly
Native extension for WindowsStandalone target not found
Native extension for WebGL target not found
Refreshing native plugins compatible for Editor in 0.18 ms, found 0 plugins.
Preloading 0 native plugins for Editor in 0.00 ms.
Invoked RoslynAnalysisRunner static constructor.
RoslynAnalysisRunner will not be running.
RoslynAnalysisRunner has terminated.
Mono: successfully reloaded assembly
- Completed reload, in  0.707 seconds
Platform modules already initialized, skipping
Refreshing native plugins compatible for Editor in 0.19 ms, found 0 plugins.
Preloading 0 native plugins for Editor in 0.00 ms.
Unloading 1094 Unused Serialized files (Serialized files now loaded: 0)
System memory in use before: 56.5 MB.
System memory in use after: 56.6 MB.

Unloading 4 unused Assets to reduce memory usage. Loaded Objects now: 1546.
Total: 1.724200 ms (FindLiveObjects: 0.179600 ms CreateObjectMapping: 0.043400 ms MarkObjects: 1.483600 ms  DeleteObjects: 0.016800 ms)

========================================================================
Received Import Request.
  Time since last request: 168.495226 seconds.
  path: Assets/Scripts/Player
  artifactKey: Guid(889907051a925ea41a146c25c1e0faf0) Importer(815301076,1909f56bfc062723c751e8b465ee728b)
Start importing Assets/Scripts/Player using Guid(889907051a925ea41a146c25c1e0faf0) Importer(815301076,1909f56bfc062723c751e8b465ee728b)  -> (artifact id: '25c4f5920b54bc71cb779673e13b464c') in 0.009450 seconds
  Import took 0.011088 seconds .

========================================================================
Received Prepare
Registering precompiled user dll's ...
Registered in 0.001099 seconds.
Begin MonoManager ReloadAssembly
Native extension for WindowsStandalone target not found
Native extension for WebGL target not found
Refreshing native plugins compatible for Editor in 0.18 ms, found 0 plugins.
Preloading 0 native plugins for Editor in 0.00 ms.
Invoked RoslynAnalysisRunner static constructor.
RoslynAnalysisRunner will not be running.
RoslynAnalysisRunner has terminated.
Mono: successfully reloaded assembly
- Completed reload, in  0.720 seconds
Platform modules already initialized, skipping
Refreshing native plugins compatible for Editor in 0.18 ms, found 0 plugins.
Preloading 0 native plugins for Editor in 0.00 ms.
Unloading 1094 Unused Serialized files (Serialized files now loaded: 0)
System memory in use before: 56.6 MB.
System memory in use after: 56.7 MB.

Unloading 4 unused Assets to reduce memory usage. Loaded Objects now: 1548.
Total: 2.464900 ms (FindLiveObjects: 0.215600 ms CreateObjectMapping: 0.069000 ms MarkObjects: 2.147500 ms  DeleteObjects: 0.031500 ms)

========================================================================
Received Import Request.
  Time since last request: 13.540190 seconds.
  path: Assets/Scripts/RumbleComponent.cs
  artifactKey: Guid(7acaac3e9c8b3cf489e2af9bdb54ac70) Importer(815301076,1909f56bfc062723c751e8b465ee728b)
Start importing Assets/Scripts/RumbleComponent.cs using Guid(7acaac3e9c8b3cf489e2af9bdb54ac70) Importer(815301076,1909f56bfc062723c751e8b465ee728b)  -> (artifact id: '0b16f2916ba377ee5501843223caf748') in 0.048600 seconds
  Import took 0.050341 seconds .

========================================================================
Received Prepare
Registering precompiled user dll's ...
Registered in 0.000841 seconds.
Begin MonoManager ReloadAssembly
Native extension for WindowsStandalone target not found
Native extension for WebGL target not found
Refreshing native plugins compatible for Editor in 0.18 ms, found 0 plugins.
Preloading 0 native plugins for Editor in 0.00 ms.
Invoked RoslynAnalysisRunner static constructor.
RoslynAnalysisRunner will not be running.
RoslynAnalysisRunner has terminated.
Mono: successfully reloaded assembly
- Completed reload, in  0.714 seconds
Platform modules already initialized, skipping
Refreshing native plugins compatible for Editor in 0.20 ms, found 0 plugins.
Preloading 0 native plugins for Editor in 0.00 ms.
Unloading 1095 Unused Serialized files (Serialized files now loaded: 0)
System memory in use before: 56.7 MB.
System memory in use after: 56.8 MB.

Unloading 4 unused Assets to reduce memory usage. Loaded Objects now: 1551.
Total: 1.922600 ms (FindLiveObjects: 0.330300 ms CreateObjectMapping: 0.046000 ms MarkObjects: 1.529100 ms  DeleteObjects: 0.015900 ms)

========================================================================
Received Prepare
Registering precompiled user dll's ...
Registered in 0.006789 seconds.
Begin MonoManager ReloadAssembly
Native extension for WindowsStandalone target not found
Native extension for WebGL target not found
Refreshing native plugins compatible for Editor in 0.79 ms, found 2 plugins.
Preloading 0 native plugins for Editor in 0.00 ms.
Invoked RoslynAnalysisRunner static constructor.
RoslynAnalysisRunner will not be running.
RoslynAnalysisRunner has terminated.
RefreshInfo: StopAssetImportingV2(NoUpdateAssetOptions) scanfilter: 
RefreshProfiler: Total: 0.000ms
Mono: successfully reloaded assembly
- Completed reload, in  0.807 seconds
Platform modules already initialized, skipping
Refreshing native plugins compatible for Editor in 0.55 ms, found 2 plugins.
Preloading 0 native plugins for Editor in 0.00 ms.
Unloading 454 Unused Serialized files (Serialized files now loaded: 0)
System memory in use before: 45.5 MB.
System memory in use after: 45.6 MB.

Unloading 61 unused Assets to reduce memory usage. Loaded Objects now: 1612.
Total: 1.506900 ms (FindLiveObjects: 0.131200 ms CreateObjectMapping: 0.035800 ms MarkObjects: 1.312400 ms  DeleteObjects: 0.026700 ms)

========================================================================
Received Import Request.
  Time since last request: 599.942784 seconds.
  path: Assets/Scripts/Player/PlayerController.cs
  artifactKey: Guid(d822c0bee9759e04e8033c8cf8e1f31a) Importer(815301076,1909f56bfc062723c751e8b465ee728b)
Start importing Assets/Scripts/Player/PlayerController.cs using Guid(d822c0bee9759e04e8033c8cf8e1f31a) Importer(815301076,1909f56bfc062723c751e8b465ee728b)  -> (artifact id: '562dd05e1d4e53acc10cc3db417cedbe') in 0.010183 seconds
  Import took 0.012446 seconds .

========================================================================
Received Import Request.
  Time since last request: 97.362117 seconds.
  path: Assets/Scenes
  artifactKey: Guid(239222219fd99a64487d24fd8c5f6f03) Importer(815301076,1909f56bfc062723c751e8b465ee728b)
Start importing Assets/Scenes using Guid(239222219fd99a64487d24fd8c5f6f03) Importer(815301076,1909f56bfc062723c751e8b465ee728b)  -> (artifact id: 'f288725311e0c21fc7e65d389c2d13ac') in 0.008349 seconds
  Import took 0.010469 seconds .

========================================================================
Received Import Request.
  Time since last request: 1.069762 seconds.
  path: Assets/Scenes/Default.unity
  artifactKey: Guid(f85d0c32a9817554e96a0786d9f791ab) Importer(815301076,1909f56bfc062723c751e8b465ee728b)
Start importing Assets/Scenes/Default.unity using Guid(f85d0c32a9817554e96a0786d9f791ab) Importer(815301076,1909f56bfc062723c751e8b465ee728b)  -> (artifact id: '606dcb5d216d8d695520812ba1c6fdaa') in 0.014364 seconds
  Import took 0.015988 seconds .

========================================================================
Received Import Request.
  Time since last request: 11.399916 seconds.
  path: Assets/Scenes/Joscha.unity
  artifactKey: Guid(1f616195fbe9c5044bf43276bb851ea8) Importer(815301076,1909f56bfc062723c751e8b465ee728b)
Start importing Assets/Scenes/Joscha.unity using Guid(1f616195fbe9c5044bf43276bb851ea8) Importer(815301076,1909f56bfc062723c751e8b465ee728b)  -> (artifact id: 'c8dd8d705ac50647c185e13f2336dc16') in 0.007912 seconds
  Import took 0.009487 seconds .

========================================================================
Received Prepare
Registering precompiled user dll's ...
Registered in 0.006655 seconds.
Begin MonoManager ReloadAssembly
Native extension for WindowsStandalone target not found
Native extension for WebGL target not found
Refreshing native plugins compatible for Editor in 0.72 ms, found 2 plugins.
Preloading 0 native plugins for Editor in 0.00 ms.
Invoked RoslynAnalysisRunner static constructor.
RoslynAnalysisRunner will not be running.
RoslynAnalysisRunner has terminated.
RefreshInfo: StopAssetImportingV2(NoUpdateAssetOptions) scanfilter: 
RefreshProfiler: Total: 0.000ms
Mono: successfully reloaded assembly
- Completed reload, in  0.798 seconds
Platform modules already initialized, skipping
Refreshing native plugins compatible for Editor in 0.53 ms, found 2 plugins.
Preloading 0 native plugins for Editor in 0.00 ms.
Unloading 431 Unused Serialized files (Serialized files now loaded: 0)
System memory in use before: 45.1 MB.
System memory in use after: 45.2 MB.

Unloading 61 unused Assets to reduce memory usage. Loaded Objects now: 1614.
Total: 1.566800 ms (FindLiveObjects: 0.129200 ms CreateObjectMapping: 0.029200 ms MarkObjects: 1.371900 ms  DeleteObjects: 0.035700 ms)

========================================================================
Received Prepare
Registering precompiled user dll's ...
Registered in 0.010211 seconds.
Begin MonoManager ReloadAssembly
Native extension for WindowsStandalone target not found
Native extension for WebGL target not found
Refreshing native plugins compatible for Editor in 67.78 ms, found 2 plugins.
Preloading 0 native plugins for Editor in 0.00 ms.
Invoked RoslynAnalysisRunner static constructor.
RoslynAnalysisRunner will not be running.
RoslynAnalysisRunner has terminated.
RefreshInfo: StopAssetImportingV2(NoUpdateAssetOptions) scanfilter: 
RefreshProfiler: Total: 0.000ms
Mono: successfully reloaded assembly
- Completed reload, in  2.120 seconds
Platform modules already initialized, skipping
Shader 'Universal Render Pipeline/Nature/SpeedTree7': dependency 'BillboardShader' shader 'Universal Render Pipeline/Nature/SpeedTree7 Billboard' not found
Shader 'Universal Render Pipeline/Baked Lit': fallback shader 'Universal Render Pipeline/Unlit' not found
Shader 'Universal Render Pipeline/Simple Lit': fallback shader 'Hidden/Universal Render Pipeline/FallbackError' not found
Shader 'Universal Render Pipeline/Terrain/Lit': fallback shader 'Hidden/Universal Render Pipeline/FallbackError' not found
Shader 'Universal Render Pipeline/Terrain/Lit': dependency 'AddPassShader' shader 'Hidden/Universal Render Pipeline/Terrain/Lit (Add Pass)' not found
Shader 'Universal Render Pipeline/Terrain/Lit': dependency 'BaseMapShader' shader 'Hidden/Universal Render Pipeline/Terrain/Lit (Base Pass)' not found
Shader 'Universal Render Pipeline/Terrain/Lit': dependency 'BaseMapGenShader' shader 'Hidden/Universal Render Pipeline/Terrain/Lit (Basemap Gen)' not found
Shader 'Hidden/Universal Render Pipeline/Terrain/Lit (Add Pass)': fallback shader 'Hidden/Universal Render Pipeline/FallbackError' not found
Shader 'Hidden/Universal Render Pipeline/Terrain/Lit (Base Pass)': fallback shader 'Hidden/Universal Render Pipeline/FallbackError' not found
Shader 'Universal Render Pipeline/Particles/Lit': fallback shader 'Universal Render Pipeline/Particles/SimpleLit' not found
Shader 'Universal Render Pipeline/Particles/Lit': fallback shader 'Universal Render Pipeline/Particles/SimpleLit' not found
Refreshing native plugins compatible for Editor in 0.72 ms, found 2 plugins.
Preloading 0 native plugins for Editor in 0.00 ms.
Unloading 1677 Unused Serialized files (Serialized files now loaded: 0)
System memory in use before: 93.5 MB.
System memory in use after: 90.3 MB.

Unloading 118 unused Assets to reduce memory usage. Loaded Objects now: 2806.
Total: 3.627200 ms (FindLiveObjects: 0.315000 ms CreateObjectMapping: 0.118000 ms MarkObjects: 1.468400 ms  DeleteObjects: 1.724400 ms)

========================================================================
Received Import Request.
  Time since last request: 321.752858 seconds.
  path: Assets/Shaders
  artifactKey: Guid(3a3a7639da5ad324389cba378caa41d9) Importer(815301076,1909f56bfc062723c751e8b465ee728b)
Start importing Assets/Shaders using Guid(3a3a7639da5ad324389cba378caa41d9) Importer(815301076,1909f56bfc062723c751e8b465ee728b)  -> (artifact id: '50b9008edec3a4c72fb557804ab23ebb') in 0.009724 seconds
  Import took 0.013324 seconds .

========================================================================
Received Import Request.
  Time since last request: 13.002844 seconds.
  path: Assets/Shaders/URP.asset
  artifactKey: Guid(67fc3aca0531f7d46af7e3c99e04f0c1) Importer(815301076,1909f56bfc062723c751e8b465ee728b)
Start importing Assets/Shaders/URP.asset using Guid(67fc3aca0531f7d46af7e3c99e04f0c1) Importer(815301076,1909f56bfc062723c751e8b465ee728b)  -> (artifact id: 'f7449001897799c4eb480ef4343d4f99') in 0.071982 seconds
  Import took 0.076022 seconds .

========================================================================
Received Import Request.
  Time since last request: 0.000227 seconds.
  path: Assets/Shaders/URP_Renderer.asset
  artifactKey: Guid(c015a02c116ef8544bd23e48ed67ddb9) Importer(815301076,1909f56bfc062723c751e8b465ee728b)
Start importing Assets/Shaders/URP_Renderer.asset using Guid(c015a02c116ef8544bd23e48ed67ddb9) Importer(815301076,1909f56bfc062723c751e8b465ee728b)  -> (artifact id: '6b9462f560ed2efd7bd4dd97650106c3') in 0.044288 seconds
  Import took 0.048314 seconds .

========================================================================
Received Prepare
Switching render pipeline 00000000000000000000000000000000 -> 67fc3aca0531f7d46af7e3c99e04f0c1
Shader 'Universal Render Pipeline/Particles/Lit': fallback shader 'Universal Render Pipeline/Particles/SimpleLit' not found
Shader 'Universal Render Pipeline/Particles/Lit': fallback shader 'Universal Render Pipeline/Particles/SimpleLit' not found
Refreshing native plugins compatible for Editor in 27.17 ms, found 2 plugins.
Preloading 0 native plugins for Editor in 0.00 ms.
Unloading 164 Unused Serialized files (Serialized files now loaded: 0)
System memory in use before: 67.6 MB.
System memory in use after: 65.4 MB.

Unloading 96 unused Assets to reduce memory usage. Loaded Objects now: 2874.
Total: 4.683400 ms (FindLiveObjects: 0.203300 ms CreateObjectMapping: 0.088300 ms MarkObjects: 2.429200 ms  DeleteObjects: 1.961700 ms)

========================================================================
Received Import Request.
  Time since last request: 34.741838 seconds.
  path: Assets/Shaders/URP_Renderer.asset
  artifactKey: Guid(c015a02c116ef8544bd23e48ed67ddb9) Importer(815301076,1909f56bfc062723c751e8b465ee728b)
Start importing Assets/Shaders/URP_Renderer.asset using Guid(c015a02c116ef8544bd23e48ed67ddb9) Importer(815301076,1909f56bfc062723c751e8b465ee728b)  -> (artifact id: '06016bb55d64529d1d435390f3ac754b') in 0.004837 seconds
  Import took 0.007888 seconds .

========================================================================
Received Import Request.
  Time since last request: 0.000246 seconds.
  path: Assets/Shaders/URP.asset
  artifactKey: Guid(67fc3aca0531f7d46af7e3c99e04f0c1) Importer(815301076,1909f56bfc062723c751e8b465ee728b)
Start importing Assets/Shaders/URP.asset using Guid(67fc3aca0531f7d46af7e3c99e04f0c1) Importer(815301076,1909f56bfc062723c751e8b465ee728b)  -> (artifact id: '2e39791a0d241d5a45a8c7eeb51bb33f') in 0.004476 seconds
  Import took 0.007668 seconds .

AssetImportWorkerClient::OnTransportError - code=2 error=End of file
